# JRE version: OpenJDK Runtime Environment (8.0_242-b01) (build 1.8.0_242-release-1644-b01)
# Java VM: OpenJDK 64-Bit Server VM (25.242-b01 mixed mode windows-amd64 compressed oops)
Heap:
 PSYoungGen      total 321024K, used 64954K [0x00000000d5580000, 0x00000000eba80000, 0x0000000100000000)
  eden space 277504K, 23% used [0x00000000d5580000,0x00000000d94ee978,0x00000000e6480000)
  from space 43520K, 0% used [0x00000000e6480000,0x00000000e6480000,0x00000000e8f00000)
  to   space 44544K, 0% used [0x00000000e8f00000,0x00000000e8f00000,0x00000000eba80000)
 ParOldGen       total 119296K, used 84639K [0x0000000080000000, 0x0000000087480000, 0x00000000d5580000)
  object space 119296K, 70% used [0x0000000080000000,0x00000000852a7f90,0x0000000087480000)
 Metaspace       used 102651K, capacity 107538K, committed 108308K, reserved 1142784K
  class space    used 13528K, capacity 14440K, committed 14652K, reserved 1048576K
GC Heap History (10 events):
Event: 2591.675 GC heap before
{Heap before GC invocations=24 (full 4):
 PSYoungGen      total 322048K, used 17758K [0x00000000d5580000, 0x00000000eba80000, 0x0000000100000000)
  eden space 277504K, 0% used [0x00000000d5580000,0x00000000d5580000,0x00000000e6480000)
  from space 44544K, 39% used [0x00000000e8f00000,0x00000000ea0579f8,0x00000000eba80000)
  to   space 43520K, 0% used [0x00000000e6480000,0x00000000e6480000,0x00000000e8f00000)
 ParOldGen       total 119296K, used 118082K [0x0000000080000000, 0x0000000087480000, 0x00000000d5580000)
  object space 119296K, 98% used [0x0000000080000000,0x0000000087350a40,0x0000000087480000)
 Metaspace       used 93518K, capacity 98220K, committed 98324K, reserved 1134592K
  class space    used 12397K, capacity 13331K, committed 13372K, reserved 1048576K
Event: 2593.075 GC heap after
Heap after GC invocations=24 (full 4):
 PSYoungGen      total 322048K, used 0K [0x00000000d5580000, 0x00000000eba80000, 0x0000000100000000)
  eden space 277504K, 0% used [0x00000000d5580000,0x00000000d5580000,0x00000000e6480000)
  from space 44544K, 0% used [0x00000000e8f00000,0x00000000e8f00000,0x00000000eba80000)
  to   space 43520K, 0% used [0x00000000e6480000,0x00000000e6480000,0x00000000e8f00000)
 ParOldGen       total 119296K, used 91179K [0x0000000080000000, 0x0000000087480000, 0x00000000d5580000)
  object space 119296K, 76% used [0x0000000080000000,0x000000008590ac38,0x0000000087480000)
 Metaspace       used 92213K, capacity 95722K, committed 98324K, reserved 1134592K
  class space    used 12138K, capacity 12859K, committed 13372K, reserved 1048576K
}
Event: 2603.825 GC heap before
{Heap before GC invocations=25 (full 4):
 PSYoungGen      total 322048K, used 277504K [0x00000000d5580000, 0x00000000eba80000, 0x0000000100000000)
  eden space 277504K, 100% used [0x00000000d5580000,0x00000000e6480000,0x00000000e6480000)
  from space 44544K, 0% used [0x00000000e8f00000,0x00000000e8f00000,0x00000000eba80000)
  to   space 43520K, 0% used [0x00000000e6480000,0x00000000e6480000,0x00000000e8f00000)
 ParOldGen       total 119296K, used 91179K [0x0000000080000000, 0x0000000087480000, 0x00000000d5580000)
  object space 119296K, 76% used [0x0000000080000000,0x000000008590ac38,0x0000000087480000)
 Metaspace       used 95037K, capacity 98964K, committed 101012K, reserved 1136640K
  class space    used 12515K, capacity 13306K, committed 13756K, reserved 1048576K
Event: 2603.840 GC heap after
Heap after GC invocations=25 (full 4):
 PSYoungGen      total 321024K, used 15390K [0x00000000d5580000, 0x00000000eba80000, 0x0000000100000000)
  eden space 277504K, 0% used [0x00000000d5580000,0x00000000d5580000,0x00000000e6480000)
  from space 43520K, 35% used [0x00000000e6480000,0x00000000e7387840,0x00000000e8f00000)
  to   space 44544K, 0% used [0x00000000e8f00000,0x00000000e8f00000,0x00000000eba80000)
 ParOldGen       total 119296K, used 91187K [0x0000000080000000, 0x0000000087480000, 0x00000000d5580000)
  object space 119296K, 76% used [0x0000000080000000,0x000000008590cc38,0x0000000087480000)
 Metaspace       used 95037K, capacity 98964K, committed 101012K, reserved 1136640K
  class space    used 12515K, capacity 13306K, committed 13756K, reserved 1048576K
}
Event: 2616.319 GC heap before
{Heap before GC invocations=26 (full 4):
 PSYoungGen      total 321024K, used 292894K [0x00000000d5580000, 0x00000000eba80000, 0x0000000100000000)
  eden space 277504K, 100% used [0x00000000d5580000,0x00000000e6480000,0x00000000e6480000)
  from space 43520K, 35% used [0x00000000e6480000,0x00000000e7387840,0x00000000e8f00000)
  to   space 44544K, 0% used [0x00000000e8f00000,0x00000000e8f00000,0x00000000eba80000)
 ParOldGen       total 119296K, used 91187K [0x0000000080000000, 0x0000000087480000, 0x00000000d5580000)
  object space 119296K, 76% used [0x0000000080000000,0x000000008590cc38,0x0000000087480000)
 Metaspace       used 102602K, capacity 107628K, committed 107796K, reserved 1142784K
  class space    used 13594K, capacity 14555K, committed 14652K, reserved 1048576K
Event: 2616.354 GC heap after
Heap after GC invocations=26 (full 4):
 PSYoungGen      total 322048K, used 24365K [0x00000000d5580000, 0x00000000eba80000, 0x0000000100000000)
  eden space 277504K, 0% used [0x00000000d5580000,0x00000000d5580000,0x00000000e6480000)
  from space 44544K, 54% used [0x00000000e8f00000,0x00000000ea6cb400,0x00000000eba80000)
  to   space 43520K, 0% used [0x00000000e6480000,0x00000000e6480000,0x00000000e8f00000)
 ParOldGen       total 119296K, used 91195K [0x0000000080000000, 0x0000000087480000, 0x00000000d5580000)
  object space 119296K, 76% used [0x0000000080000000,0x000000008590ec38,0x0000000087480000)
 Metaspace       used 102602K, capacity 107628K, committed 107796K, reserved 1142784K
  class space    used 13594K, capacity 14555K, committed 14652K, reserved 1048576K
}
Event: 2618.734 GC heap before
{Heap before GC invocations=27 (full 4):
 PSYoungGen      total 322048K, used 301868K [0x00000000d5580000, 0x00000000eba80000, 0x0000000100000000)
  eden space 277504K, 99% used [0x00000000d5580000,0x00000000e647fc18,0x00000000e6480000)
  from space 44544K, 54% used [0x00000000e8f00000,0x00000000ea6cb400,0x00000000eba80000)
  to   space 43520K, 0% used [0x00000000e6480000,0x00000000e6480000,0x00000000e8f00000)
 ParOldGen       total 119296K, used 91195K [0x0000000080000000, 0x0000000087480000, 0x00000000d5580000)
  object space 119296K, 76% used [0x0000000080000000,0x000000008590ec38,0x0000000087480000)
 Metaspace       used 102963K, capacity 108230K, committed 108308K, reserved 1142784K
  class space    used 13623K, capacity 14607K, committed 14652K, reserved 1048576K
Event: 2618.778 GC heap after
Heap after GC invocations=27 (full 4):
 PSYoungGen      total 321024K, used 43489K [0x00000000d5580000, 0x00000000eba80000, 0x0000000100000000)
  eden space 277504K, 0% used [0x00000000d5580000,0x00000000d5580000,0x00000000e6480000)
  from space 43520K, 99% used [0x00000000e6480000,0x00000000e8ef8610,0x00000000e8f00000)
  to   space 44544K, 0% used [0x00000000e8f00000,0x00000000e8f00000,0x00000000eba80000)
 ParOldGen       total 119296K, used 96784K [0x0000000080000000, 0x0000000087480000, 0x00000000d5580000)
  object space 119296K, 81% used [0x0000000080000000,0x0000000085e843d0,0x0000000087480000)
 Metaspace       used 102963K, capacity 108230K, committed 108308K, reserved 1142784K
  class space    used 13623K, capacity 14607K, committed 14652K, reserved 1048576K
}
Event: 2618.778 GC heap before
{Heap before GC invocations=28 (full 5):
 PSYoungGen      total 321024K, used 43489K [0x00000000d5580000, 0x00000000eba80000, 0x0000000100000000)
  eden space 277504K, 0% used [0x00000000d5580000,0x00000000d5580000,0x00000000e6480000)
  from space 43520K, 99% used [0x00000000e6480000,0x00000000e8ef8610,0x00000000e8f00000)
  to   space 44544K, 0% used [0x00000000e8f00000,0x00000000e8f00000,0x00000000eba80000)
 ParOldGen       total 119296K, used 96784K [0x0000000080000000, 0x0000000087480000, 0x00000000d5580000)
  object space 119296K, 81% used [0x0000000080000000,0x0000000085e843d0,0x0000000087480000)
 Metaspace       used 102963K, capacity 108230K, committed 108308K, reserved 1142784K
  class space    used 13623K, capacity 14607K, committed 14652K, reserved 1048576K
Event: 2619.049 GC heap after
Heap after GC invocations=28 (full 5):
 PSYoungGen      total 321024K, used 0K [0x00000000d5580000, 0x00000000eba80000, 0x0000000100000000)
  eden space 277504K, 0% used [0x00000000d5580000,0x00000000d5580000,0x00000000e6480000)
  from space 43520K, 0% used [0x00000000e6480000,0x00000000e6480000,0x00000000e8f00000)
  to   space 44544K, 0% used [0x00000000e8f00000,0x00000000e8f00000,0x00000000eba80000)
 ParOldGen       total 119296K, used 84639K [0x0000000080000000, 0x0000000087480000, 0x00000000d5580000)
  object space 119296K, 70% used [0x0000000080000000,0x00000000852a7f90,0x0000000087480000)
 Metaspace       used 102608K, capacity 107520K, committed 108308K, reserved 1142784K
  class space    used 13526K, capacity 14437K, committed 14652K, reserved 1048576K
}

