# JRE version: OpenJDK Runtime Environment (8.0_242-b01) (build 1.8.0_242-release-1644-b01)
# Java VM: OpenJDK 64-Bit Server VM (25.242-b01 mixed mode windows-amd64 compressed oops)
Heap:
 PSYoungGen      total 419328K, used 169363K [0x00000000d5580000, 0x00000000f9400000, 0x0000000100000000)
  eden space 377856K, 44% used [0x00000000d5580000,0x00000000dfae4f68,0x00000000ec680000)
  from space 41472K, 0% used [0x00000000f1180000,0x00000000f1180000,0x00000000f3a00000)
  to   space 76800K, 0% used [0x00000000ec680000,0x00000000ec680000,0x00000000f1180000)
 ParOldGen       total 196608K, used 196441K [0x0000000080000000, 0x000000008c000000, 0x00000000d5580000)
  object space 196608K, 99% used [0x0000000080000000,0x000000008bfd66f8,0x000000008c000000)
 Metaspace       used 103988K, capacity 108436K, committed 108440K, reserved 1142784K
  class space    used 13427K, capacity 14237K, committed 14240K, reserved 1048576K
GC Heap History (10 events):
Event: 31.872 GC heap before
{Heap before GC invocations=24 (full 4):
 PSYoungGen      total 351232K, used 326844K [0x00000000d5580000, 0x00000000f0200000, 0x0000000100000000)
  eden space 306688K, 100% used [0x00000000d5580000,0x00000000e8100000,0x00000000e8100000)
  from space 44544K, 45% used [0x00000000e8100000,0x00000000e94af158,0x00000000eac80000)
  to   space 43008K, 0% used [0x00000000ed800000,0x00000000ed800000,0x00000000f0200000)
 ParOldGen       total 196608K, used 103298K [0x0000000080000000, 0x000000008c000000, 0x00000000d5580000)
  object space 196608K, 52% used [0x0000000080000000,0x00000000864e0950,0x000000008c000000)
 Metaspace       used 98509K, capacity 102390K, committed 102680K, reserved 1138688K
  class space    used 12808K, capacity 13536K, committed 13600K, reserved 1048576K
Event: 31.897 GC heap after
Heap after GC invocations=24 (full 4):
 PSYoungGen      total 396800K, used 22104K [0x00000000d5580000, 0x00000000f0300000, 0x0000000100000000)
  eden space 353792K, 0% used [0x00000000d5580000,0x00000000d5580000,0x00000000eaf00000)
  from space 43008K, 51% used [0x00000000ed800000,0x00000000eed96248,0x00000000f0200000)
  to   space 41984K, 0% used [0x00000000eaf00000,0x00000000eaf00000,0x00000000ed800000)
 ParOldGen       total 196608K, used 103306K [0x0000000080000000, 0x000000008c000000, 0x00000000d5580000)
  object space 196608K, 52% used [0x0000000080000000,0x00000000864e2950,0x000000008c000000)
 Metaspace       used 98509K, capacity 102390K, committed 102680K, reserved 1138688K
  class space    used 12808K, capacity 13536K, committed 13600K, reserved 1048576K
}
Event: 33.184 GC heap before
{Heap before GC invocations=25 (full 4):
 PSYoungGen      total 396800K, used 375896K [0x00000000d5580000, 0x00000000f0300000, 0x0000000100000000)
  eden space 353792K, 100% used [0x00000000d5580000,0x00000000eaf00000,0x00000000eaf00000)
  from space 43008K, 51% used [0x00000000ed800000,0x00000000eed96248,0x00000000f0200000)
  to   space 41984K, 0% used [0x00000000eaf00000,0x00000000eaf00000,0x00000000ed800000)
 ParOldGen       total 196608K, used 103306K [0x0000000080000000, 0x000000008c000000, 0x00000000d5580000)
  object space 196608K, 52% used [0x0000000080000000,0x00000000864e2950,0x000000008c000000)
 Metaspace       used 98557K, capacity 102462K, committed 102680K, reserved 1138688K
  class space    used 12811K, capacity 13538K, committed 13600K, reserved 1048576K
Event: 33.218 GC heap after
Heap after GC invocations=25 (full 4):
 PSYoungGen      total 395776K, used 23665K [0x00000000d5580000, 0x00000000f3a00000, 0x0000000100000000)
  eden space 353792K, 0% used [0x00000000d5580000,0x00000000d5580000,0x00000000eaf00000)
  from space 41984K, 56% used [0x00000000eaf00000,0x00000000ec61c7c8,0x00000000ed800000)
  to   space 41472K, 0% used [0x00000000f1180000,0x00000000f1180000,0x00000000f3a00000)
 ParOldGen       total 196608K, used 103306K [0x0000000080000000, 0x000000008c000000, 0x00000000d5580000)
  object space 196608K, 52% used [0x0000000080000000,0x00000000864e2950,0x000000008c000000)
 Metaspace       used 98557K, capacity 102462K, committed 102680K, reserved 1138688K
  class space    used 12811K, capacity 13538K, committed 13600K, reserved 1048576K
}
Event: 35.323 GC heap before
{Heap before GC invocations=26 (full 4):
 PSYoungGen      total 395776K, used 377457K [0x00000000d5580000, 0x00000000f3a00000, 0x0000000100000000)
  eden space 353792K, 100% used [0x00000000d5580000,0x00000000eaf00000,0x00000000eaf00000)
  from space 41984K, 56% used [0x00000000eaf00000,0x00000000ec61c7c8,0x00000000ed800000)
  to   space 41472K, 0% used [0x00000000f1180000,0x00000000f1180000,0x00000000f3a00000)
 ParOldGen       total 196608K, used 103306K [0x0000000080000000, 0x000000008c000000, 0x00000000d5580000)
  object space 196608K, 52% used [0x0000000080000000,0x00000000864e2950,0x000000008c000000)
 Metaspace       used 101829K, capacity 106174K, committed 106264K, reserved 1140736K
  class space    used 13209K, capacity 14040K, committed 14112K, reserved 1048576K
Event: 35.524 GC heap after
Heap after GC invocations=26 (full 4):
 PSYoungGen      total 419328K, used 41463K [0x00000000d5580000, 0x00000000f9400000, 0x0000000100000000)
  eden space 377856K, 0% used [0x00000000d5580000,0x00000000d5580000,0x00000000ec680000)
  from space 41472K, 99% used [0x00000000f1180000,0x00000000f39fde30,0x00000000f3a00000)
  to   space 76800K, 0% used [0x00000000ec680000,0x00000000ec680000,0x00000000f1180000)
 ParOldGen       total 196608K, used 181250K [0x0000000080000000, 0x000000008c000000, 0x00000000d5580000)
  object space 196608K, 92% used [0x0000000080000000,0x000000008b100908,0x000000008c000000)
 Metaspace       used 101829K, capacity 106174K, committed 106264K, reserved 1140736K
  class space    used 13209K, capacity 14040K, committed 14112K, reserved 1048576K
}
Event: 35.524 GC heap before
{Heap before GC invocations=27 (full 5):
 PSYoungGen      total 419328K, used 41463K [0x00000000d5580000, 0x00000000f9400000, 0x0000000100000000)
  eden space 377856K, 0% used [0x00000000d5580000,0x00000000d5580000,0x00000000ec680000)
  from space 41472K, 99% used [0x00000000f1180000,0x00000000f39fde30,0x00000000f3a00000)
  to   space 76800K, 0% used [0x00000000ec680000,0x00000000ec680000,0x00000000f1180000)
 ParOldGen       total 196608K, used 181250K [0x0000000080000000, 0x000000008c000000, 0x00000000d5580000)
  object space 196608K, 92% used [0x0000000080000000,0x000000008b100908,0x000000008c000000)
 Metaspace       used 101829K, capacity 106174K, committed 106264K, reserved 1140736K
  class space    used 13209K, capacity 14040K, committed 14112K, reserved 1048576K
Event: 36.343 GC heap after
Heap after GC invocations=27 (full 5):
 PSYoungGen      total 419328K, used 0K [0x00000000d5580000, 0x00000000f9400000, 0x0000000100000000)
  eden space 377856K, 0% used [0x00000000d5580000,0x00000000d5580000,0x00000000ec680000)
  from space 41472K, 0% used [0x00000000f1180000,0x00000000f1180000,0x00000000f3a00000)
  to   space 76800K, 0% used [0x00000000ec680000,0x00000000ec680000,0x00000000f1180000)
 ParOldGen       total 196608K, used 171193K [0x0000000080000000, 0x000000008c000000, 0x00000000d5580000)
  object space 196608K, 87% used [0x0000000080000000,0x000000008a72e5a0,0x000000008c000000)
 Metaspace       used 101819K, capacity 106148K, committed 106264K, reserved 1140736K
  class space    used 13205K, capacity 14033K, committed 14112K, reserved 1048576K
}
Event: 38.667 GC heap before
{Heap before GC invocations=28 (full 6):
 PSYoungGen      total 419328K, used 377856K [0x00000000d5580000, 0x00000000f9400000, 0x0000000100000000)
  eden space 377856K, 100% used [0x00000000d5580000,0x00000000ec680000,0x00000000ec680000)
  from space 41472K, 0% used [0x00000000f1180000,0x00000000f1180000,0x00000000f3a00000)
  to   space 76800K, 0% used [0x00000000ec680000,0x00000000ec680000,0x00000000f1180000)
 ParOldGen       total 196608K, used 171193K [0x0000000080000000, 0x000000008c000000, 0x00000000d5580000)
  object space 196608K, 87% used [0x0000000080000000,0x000000008a72e5a0,0x000000008c000000)
 Metaspace       used 102009K, capacity 106314K, committed 106520K, reserved 1142784K
  class space    used 13213K, capacity 14040K, committed 14112K, reserved 1048576K
Event: 39.567 GC heap after
Heap after GC invocations=28 (full 6):
 PSYoungGen      total 419328K, used 4689K [0x00000000d5580000, 0x00000000f9400000, 0x0000000100000000)
  eden space 377856K, 1% used [0x00000000d5580000,0x00000000d5a14790,0x00000000ec680000)
  from space 41472K, 0% used [0x00000000f1180000,0x00000000f1180000,0x00000000f3a00000)
  to   space 76800K, 0% used [0x00000000ec680000,0x00000000ec680000,0x00000000f1180000)
 ParOldGen       total 196608K, used 196441K [0x0000000080000000, 0x000000008c000000, 0x00000000d5580000)
  object space 196608K, 99% used [0x0000000080000000,0x000000008bfd66f8,0x000000008c000000)
 Metaspace       used 102009K, capacity 106314K, committed 106520K, reserved 1142784K
  class space    used 13213K, capacity 14040K, committed 14112K, reserved 1048576K
}

