# JRE version: OpenJDK Runtime Environment (8.0_242-b01) (build 1.8.0_242-release-1644-b01)
# Java VM: OpenJDK 64-Bit Server VM (25.242-b01 mixed mode windows-amd64 compressed oops)
Heap:
 PSYoungGen      total 53248K, used 14770K [0x00000000e0500000, 0x00000000e3d00000, 0x0000000100000000)
  eden space 49152K, 21% used [0x00000000e0500000,0x00000000e0f6e990,0x00000000e3500000)
  from space 4096K, 99% used [0x00000000e3900000,0x00000000e3cfde80,0x00000000e3d00000)
  to   space 4096K, 0% used [0x00000000e3500000,0x00000000e3500000,0x00000000e3900000)
 ParOldGen       total 76288K, used 40148K [0x00000000a0e00000, 0x00000000a5880000, 0x00000000e0500000)
  object space 76288K, 52% used [0x00000000a0e00000,0x00000000a3535348,0x00000000a5880000)
 Metaspace       used 42528K, capacity 43334K, committed 43864K, reserved 1087488K
  class space    used 5199K, capacity 5455K, committed 5504K, reserved 1048576K
GC Heap History (10 events):
Event: 2.748 GC heap before
{Heap before GC invocations=6 (full 1):
 PSYoungGen      total 53248K, used 49152K [0x00000000e0500000, 0x00000000e3d00000, 0x0000000100000000)
  eden space 49152K, 100% used [0x00000000e0500000,0x00000000e3500000,0x00000000e3500000)
  from space 4096K, 0% used [0x00000000e3900000,0x00000000e3900000,0x00000000e3d00000)
  to   space 4096K, 0% used [0x00000000e3500000,0x00000000e3500000,0x00000000e3900000)
 ParOldGen       total 76288K, used 20970K [0x00000000a0e00000, 0x00000000a5880000, 0x00000000e0500000)
  object space 76288K, 27% used [0x00000000a0e00000,0x00000000a227a9b0,0x00000000a5880000)
 Metaspace       used 26605K, capacity 27216K, committed 27648K, reserved 1073152K
  class space    used 3355K, capacity 3508K, committed 3584K, reserved 1048576K
Event: 2.757 GC heap after
Heap after GC invocations=6 (full 1):
 PSYoungGen      total 53248K, used 4074K [0x00000000e0500000, 0x00000000e3d00000, 0x0000000100000000)
  eden space 49152K, 0% used [0x00000000e0500000,0x00000000e0500000,0x00000000e3500000)
  from space 4096K, 99% used [0x00000000e3500000,0x00000000e38fa848,0x00000000e3900000)
  to   space 4096K, 0% used [0x00000000e3900000,0x00000000e3900000,0x00000000e3d00000)
 ParOldGen       total 76288K, used 27391K [0x00000000a0e00000, 0x00000000a5880000, 0x00000000e0500000)
  object space 76288K, 35% used [0x00000000a0e00000,0x00000000a28bfd28,0x00000000a5880000)
 Metaspace       used 26605K, capacity 27216K, committed 27648K, reserved 1073152K
  class space    used 3355K, capacity 3508K, committed 3584K, reserved 1048576K
}
Event: 3.661 GC heap before
{Heap before GC invocations=7 (full 1):
 PSYoungGen      total 53248K, used 53226K [0x00000000e0500000, 0x00000000e3d00000, 0x0000000100000000)
  eden space 49152K, 100% used [0x00000000e0500000,0x00000000e3500000,0x00000000e3500000)
  from space 4096K, 99% used [0x00000000e3500000,0x00000000e38fa848,0x00000000e3900000)
  to   space 4096K, 0% used [0x00000000e3900000,0x00000000e3900000,0x00000000e3d00000)
 ParOldGen       total 76288K, used 27391K [0x00000000a0e00000, 0x00000000a5880000, 0x00000000e0500000)
  object space 76288K, 35% used [0x00000000a0e00000,0x00000000a28bfd28,0x00000000a5880000)
 Metaspace       used 34474K, capacity 35012K, committed 35416K, reserved 1081344K
  class space    used 4291K, capacity 4476K, committed 4480K, reserved 1048576K
Event: 3.677 GC heap after
Heap after GC invocations=7 (full 1):
 PSYoungGen      total 53248K, used 4067K [0x00000000e0500000, 0x00000000e3d00000, 0x0000000100000000)
  eden space 49152K, 0% used [0x00000000e0500000,0x00000000e0500000,0x00000000e3500000)
  from space 4096K, 99% used [0x00000000e3900000,0x00000000e3cf8c70,0x00000000e3d00000)
  to   space 4096K, 0% used [0x00000000e3500000,0x00000000e3500000,0x00000000e3900000)
 ParOldGen       total 76288K, used 41046K [0x00000000a0e00000, 0x00000000a5880000, 0x00000000e0500000)
  object space 76288K, 53% used [0x00000000a0e00000,0x00000000a3615b90,0x00000000a5880000)
 Metaspace       used 34474K, capacity 35012K, committed 35416K, reserved 1081344K
  class space    used 4291K, capacity 4476K, committed 4480K, reserved 1048576K
}
Event: 3.695 GC heap before
{Heap before GC invocations=8 (full 1):
 PSYoungGen      total 53248K, used 5040K [0x00000000e0500000, 0x00000000e3d00000, 0x0000000100000000)
  eden space 49152K, 1% used [0x00000000e0500000,0x00000000e05f3520,0x00000000e3500000)
  from space 4096K, 99% used [0x00000000e3900000,0x00000000e3cf8c70,0x00000000e3d00000)
  to   space 4096K, 0% used [0x00000000e3500000,0x00000000e3500000,0x00000000e3900000)
 ParOldGen       total 76288K, used 41046K [0x00000000a0e00000, 0x00000000a5880000, 0x00000000e0500000)
  object space 76288K, 53% used [0x00000000a0e00000,0x00000000a3615b90,0x00000000a5880000)
 Metaspace       used 34635K, capacity 35140K, committed 35416K, reserved 1081344K
  class space    used 4310K, capacity 4476K, committed 4480K, reserved 1048576K
Event: 3.699 GC heap after
Heap after GC invocations=8 (full 1):
 PSYoungGen      total 53248K, used 4087K [0x00000000e0500000, 0x00000000e3d00000, 0x0000000100000000)
  eden space 49152K, 0% used [0x00000000e0500000,0x00000000e0500000,0x00000000e3500000)
  from space 4096K, 99% used [0x00000000e3500000,0x00000000e38fdc80,0x00000000e3900000)
  to   space 4096K, 0% used [0x00000000e3900000,0x00000000e3900000,0x00000000e3d00000)
 ParOldGen       total 76288K, used 41198K [0x00000000a0e00000, 0x00000000a5880000, 0x00000000e0500000)
  object space 76288K, 54% used [0x00000000a0e00000,0x00000000a363ba18,0x00000000a5880000)
 Metaspace       used 34635K, capacity 35140K, committed 35416K, reserved 1081344K
  class space    used 4310K, capacity 4476K, committed 4480K, reserved 1048576K
}
Event: 3.699 GC heap before
{Heap before GC invocations=9 (full 2):
 PSYoungGen      total 53248K, used 4087K [0x00000000e0500000, 0x00000000e3d00000, 0x0000000100000000)
  eden space 49152K, 0% used [0x00000000e0500000,0x00000000e0500000,0x00000000e3500000)
  from space 4096K, 99% used [0x00000000e3500000,0x00000000e38fdc80,0x00000000e3900000)
  to   space 4096K, 0% used [0x00000000e3900000,0x00000000e3900000,0x00000000e3d00000)
 ParOldGen       total 76288K, used 41198K [0x00000000a0e00000, 0x00000000a5880000, 0x00000000e0500000)
  object space 76288K, 54% used [0x00000000a0e00000,0x00000000a363ba18,0x00000000a5880000)
 Metaspace       used 34635K, capacity 35140K, committed 35416K, reserved 1081344K
  class space    used 4310K, capacity 4476K, committed 4480K, reserved 1048576K
Event: 3.752 GC heap after
Heap after GC invocations=9 (full 2):
 PSYoungGen      total 53248K, used 0K [0x00000000e0500000, 0x00000000e3d00000, 0x0000000100000000)
  eden space 49152K, 0% used [0x00000000e0500000,0x00000000e0500000,0x00000000e3500000)
  from space 4096K, 0% used [0x00000000e3500000,0x00000000e3500000,0x00000000e3900000)
  to   space 4096K, 0% used [0x00000000e3900000,0x00000000e3900000,0x00000000e3d00000)
 ParOldGen       total 76288K, used 31818K [0x00000000a0e00000, 0x00000000a5880000, 0x00000000e0500000)
  object space 76288K, 41% used [0x00000000a0e00000,0x00000000a2d12928,0x00000000a5880000)
 Metaspace       used 34635K, capacity 35140K, committed 35416K, reserved 1081344K
  class space    used 4310K, capacity 4476K, committed 4480K, reserved 1048576K
}
Event: 4.671 GC heap before
{Heap before GC invocations=10 (full 2):
 PSYoungGen      total 53248K, used 49152K [0x00000000e0500000, 0x00000000e3d00000, 0x0000000100000000)
  eden space 49152K, 100% used [0x00000000e0500000,0x00000000e3500000,0x00000000e3500000)
  from space 4096K, 0% used [0x00000000e3500000,0x00000000e3500000,0x00000000e3900000)
  to   space 4096K, 0% used [0x00000000e3900000,0x00000000e3900000,0x00000000e3d00000)
 ParOldGen       total 76288K, used 31818K [0x00000000a0e00000, 0x00000000a5880000, 0x00000000e0500000)
  object space 76288K, 41% used [0x00000000a0e00000,0x00000000a2d12928,0x00000000a5880000)
 Metaspace       used 41998K, capacity 42788K, committed 43352K, reserved 1087488K
  class space    used 5141K, capacity 5386K, committed 5504K, reserved 1048576K
Event: 4.678 GC heap after
Heap after GC invocations=10 (full 2):
 PSYoungGen      total 53248K, used 4087K [0x00000000e0500000, 0x00000000e3d00000, 0x0000000100000000)
  eden space 49152K, 0% used [0x00000000e0500000,0x00000000e0500000,0x00000000e3500000)
  from space 4096K, 99% used [0x00000000e3900000,0x00000000e3cfde80,0x00000000e3d00000)
  to   space 4096K, 0% used [0x00000000e3500000,0x00000000e3500000,0x00000000e3900000)
 ParOldGen       total 76288K, used 40148K [0x00000000a0e00000, 0x00000000a5880000, 0x00000000e0500000)
  object space 76288K, 52% used [0x00000000a0e00000,0x00000000a3535348,0x00000000a5880000)
 Metaspace       used 41998K, capacity 42788K, committed 43352K, reserved 1087488K
  class space    used 5141K, capacity 5386K, committed 5504K, reserved 1048576K
}

