# JRE version: OpenJDK Runtime Environment (8.0_242-b01) (build 1.8.0_242-release-1644-b01)
# Java VM: OpenJDK 64-Bit Server VM (25.242-b01 mixed mode windows-amd64 compressed oops)
Heap:
 PSYoungGen      total 568832K, used 452127K [0x00000000d5580000, 0x00000000fbc00000, 0x0000000100000000)
  eden space 525824K, 77% used [0x00000000d5580000,0x00000000ee50d9f0,0x00000000f5700000)
  from space 43008K, 99% used [0x00000000f8d00000,0x00000000fb6fa5a8,0x00000000fb700000)
  to   space 51712K, 0% used [0x00000000f5700000,0x00000000f5700000,0x00000000f8980000)
 ParOldGen       total 154624K, used 128054K [0x0000000080000000, 0x0000000089700000, 0x00000000d5580000)
  object space 154624K, 82% used [0x0000000080000000,0x0000000087d0db78,0x0000000089700000)
 Metaspace       used 119257K, capacity 125490K, committed 125848K, reserved 1159168K
  class space    used 15147K, capacity 16457K, committed 16544K, reserved 1048576K
GC Heap History (10 events):
Event: 170.050 GC heap before
{Heap before GC invocations=26 (full 4):
 PSYoungGen      total 417280K, used 384309K [0x00000000d5580000, 0x00000000f6700000, 0x0000000100000000)
  eden space 377344K, 100% used [0x00000000d5580000,0x00000000ec600000,0x00000000ec600000)
  from space 39936K, 17% used [0x00000000ec600000,0x00000000ecccd6c8,0x00000000eed00000)
  to   space 39424K, 0% used [0x00000000f4080000,0x00000000f4080000,0x00000000f6700000)
 ParOldGen       total 154624K, used 66202K [0x0000000080000000, 0x0000000089700000, 0x00000000d5580000)
  object space 154624K, 42% used [0x0000000080000000,0x00000000840a6ae8,0x0000000089700000)
 Metaspace       used 86913K, capacity 90732K, committed 90904K, reserved 1128448K
  class space    used 11293K, capacity 12018K, committed 12064K, reserved 1048576K
Event: 170.092 GC heap after
Heap after GC invocations=26 (full 4):
 PSYoungGen      total 477184K, used 11173K [0x00000000d5580000, 0x00000000f5880000, 0x0000000100000000)
  eden space 452608K, 0% used [0x00000000d5580000,0x00000000d5580000,0x00000000f0f80000)
  from space 24576K, 45% used [0x00000000f4080000,0x00000000f4b69480,0x00000000f5880000)
  to   space 37376K, 0% used [0x00000000f0f80000,0x00000000f0f80000,0x00000000f3400000)
 ParOldGen       total 154624K, used 73099K [0x0000000080000000, 0x0000000089700000, 0x00000000d5580000)
  object space 154624K, 47% used [0x0000000080000000,0x0000000084762d78,0x0000000089700000)
 Metaspace       used 86913K, capacity 90732K, committed 90904K, reserved 1128448K
  class space    used 11293K, capacity 12018K, committed 12064K, reserved 1048576K
}
Event: 174.792 GC heap before
{Heap before GC invocations=27 (full 4):
 PSYoungGen      total 477184K, used 463781K [0x00000000d5580000, 0x00000000f5880000, 0x0000000100000000)
  eden space 452608K, 100% used [0x00000000d5580000,0x00000000f0f80000,0x00000000f0f80000)
  from space 24576K, 45% used [0x00000000f4080000,0x00000000f4b69480,0x00000000f5880000)
  to   space 37376K, 0% used [0x00000000f0f80000,0x00000000f0f80000,0x00000000f3400000)
 ParOldGen       total 154624K, used 73099K [0x0000000080000000, 0x0000000089700000, 0x00000000d5580000)
  object space 154624K, 47% used [0x0000000080000000,0x0000000084762d78,0x0000000089700000)
 Metaspace       used 100130K, capacity 104924K, committed 105112K, reserved 1140736K
  class space    used 13022K, capacity 13978K, committed 13984K, reserved 1048576K
Event: 174.855 GC heap after
Heap after GC invocations=27 (full 4):
 PSYoungGen      total 489984K, used 36029K [0x00000000d5580000, 0x00000000fb700000, 0x0000000100000000)
  eden space 452608K, 0% used [0x00000000d5580000,0x00000000d5580000,0x00000000f0f80000)
  from space 37376K, 96% used [0x00000000f0f80000,0x00000000f32af680,0x00000000f3400000)
  to   space 43008K, 0% used [0x00000000f8d00000,0x00000000f8d00000,0x00000000fb700000)
 ParOldGen       total 154624K, used 77902K [0x0000000080000000, 0x0000000089700000, 0x00000000d5580000)
  object space 154624K, 50% used [0x0000000080000000,0x0000000084c13ae8,0x0000000089700000)
 Metaspace       used 100130K, capacity 104924K, committed 105112K, reserved 1140736K
  class space    used 13022K, capacity 13978K, committed 13984K, reserved 1048576K
}
Event: 267.721 GC heap before
{Heap before GC invocations=28 (full 4):
 PSYoungGen      total 489984K, used 488637K [0x00000000d5580000, 0x00000000fb700000, 0x0000000100000000)
  eden space 452608K, 100% used [0x00000000d5580000,0x00000000f0f80000,0x00000000f0f80000)
  from space 37376K, 96% used [0x00000000f0f80000,0x00000000f32af680,0x00000000f3400000)
  to   space 43008K, 0% used [0x00000000f8d00000,0x00000000f8d00000,0x00000000fb700000)
 ParOldGen       total 154624K, used 77902K [0x0000000080000000, 0x0000000089700000, 0x00000000d5580000)
  object space 154624K, 50% used [0x0000000080000000,0x0000000084c13ae8,0x0000000089700000)
 Metaspace       used 105764K, capacity 111472K, committed 111768K, reserved 1146880K
  class space    used 13743K, capacity 14949K, committed 15008K, reserved 1048576K
Event: 267.791 GC heap after
Heap after GC invocations=28 (full 4):
 PSYoungGen      total 568832K, used 42979K [0x00000000d5580000, 0x00000000fbc00000, 0x0000000100000000)
  eden space 525824K, 0% used [0x00000000d5580000,0x00000000d5580000,0x00000000f5700000)
  from space 43008K, 99% used [0x00000000f8d00000,0x00000000fb6f8da0,0x00000000fb700000)
  to   space 51712K, 0% used [0x00000000f5700000,0x00000000f5700000,0x00000000f8980000)
 ParOldGen       total 154624K, used 81446K [0x0000000080000000, 0x0000000089700000, 0x00000000d5580000)
  object space 154624K, 52% used [0x0000000080000000,0x0000000084f89990,0x0000000089700000)
 Metaspace       used 105764K, capacity 111472K, committed 111768K, reserved 1146880K
  class space    used 13743K, capacity 14949K, committed 15008K, reserved 1048576K
}
Event: 301.570 GC heap before
{Heap before GC invocations=29 (full 4):
 PSYoungGen      total 568832K, used 568803K [0x00000000d5580000, 0x00000000fbc00000, 0x0000000100000000)
  eden space 525824K, 100% used [0x00000000d5580000,0x00000000f5700000,0x00000000f5700000)
  from space 43008K, 99% used [0x00000000f8d00000,0x00000000fb6f8da0,0x00000000fb700000)
  to   space 51712K, 0% used [0x00000000f5700000,0x00000000f5700000,0x00000000f8980000)
 ParOldGen       total 154624K, used 81446K [0x0000000080000000, 0x0000000089700000, 0x00000000d5580000)
  object space 154624K, 52% used [0x0000000080000000,0x0000000084f89990,0x0000000089700000)
 Metaspace       used 106601K, capacity 112444K, committed 112664K, reserved 1146880K
  class space    used 13792K, capacity 15019K, committed 15136K, reserved 1048576K
Event: 302.189 GC heap after
Heap after GC invocations=29 (full 4):
 PSYoungGen      total 577536K, used 32566K [0x00000000d5580000, 0x00000000fbc00000, 0x0000000100000000)
  eden space 525824K, 0% used [0x00000000d5580000,0x00000000d5580000,0x00000000f5700000)
  from space 51712K, 62% used [0x00000000f5700000,0x00000000f76cdba8,0x00000000f8980000)
  to   space 43008K, 0% used [0x00000000f8d00000,0x00000000f8d00000,0x00000000fb700000)
 ParOldGen       total 154624K, used 120761K [0x0000000080000000, 0x0000000089700000, 0x00000000d5580000)
  object space 154624K, 78% used [0x0000000080000000,0x00000000875ee4d0,0x0000000089700000)
 Metaspace       used 106601K, capacity 112444K, committed 112664K, reserved 1146880K
  class space    used 13792K, capacity 15019K, committed 15136K, reserved 1048576K
}
Event: 305.224 GC heap before
{Heap before GC invocations=30 (full 4):
 PSYoungGen      total 577536K, used 558390K [0x00000000d5580000, 0x00000000fbc00000, 0x0000000100000000)
  eden space 525824K, 100% used [0x00000000d5580000,0x00000000f5700000,0x00000000f5700000)
  from space 51712K, 62% used [0x00000000f5700000,0x00000000f76cdba8,0x00000000f8980000)
  to   space 43008K, 0% used [0x00000000f8d00000,0x00000000f8d00000,0x00000000fb700000)
 ParOldGen       total 154624K, used 120761K [0x0000000080000000, 0x0000000089700000, 0x00000000d5580000)
  object space 154624K, 78% used [0x0000000080000000,0x00000000875ee4d0,0x0000000089700000)
 Metaspace       used 106682K, capacity 112514K, committed 112664K, reserved 1146880K
  class space    used 13794K, capacity 15020K, committed 15136K, reserved 1048576K
Event: 305.299 GC heap after
Heap after GC invocations=30 (full 4):
 PSYoungGen      total 568832K, used 42985K [0x00000000d5580000, 0x00000000fbc00000, 0x0000000100000000)
  eden space 525824K, 0% used [0x00000000d5580000,0x00000000d5580000,0x00000000f5700000)
  from space 43008K, 99% used [0x00000000f8d00000,0x00000000fb6fa5a8,0x00000000fb700000)
  to   space 51712K, 0% used [0x00000000f5700000,0x00000000f5700000,0x00000000f8980000)
 ParOldGen       total 154624K, used 128054K [0x0000000080000000, 0x0000000089700000, 0x00000000d5580000)
  object space 154624K, 82% used [0x0000000080000000,0x0000000087d0db78,0x0000000089700000)
 Metaspace       used 106682K, capacity 112514K, committed 112664K, reserved 1146880K
  class space    used 13794K, capacity 15020K, committed 15136K, reserved 1048576K
}

