# JRE version: OpenJDK Runtime Environment (8.0_242-b01) (build 1.8.0_242-release-1644-b01)
# Java VM: OpenJDK 64-Bit Server VM (25.242-b01 mixed mode windows-amd64 compressed oops)
Heap:
 PSYoungGen      total 331776K, used 305284K [0x00000000d5580000, 0x00000000eb800000, 0x0000000100000000)
  eden space 308736K, 91% used [0x00000000d5580000,0x00000000e69217c8,0x00000000e8300000)
  from space 23040K, 99% used [0x00000000e9e00000,0x00000000eb47f858,0x00000000eb480000)
  to   space 27136K, 0% used [0x00000000e8300000,0x00000000e8300000,0x00000000e9d80000)
 ParOldGen       total 106496K, used 41955K [0x0000000080000000, 0x0000000086800000, 0x00000000d5580000)
  object space 106496K, 39% used [0x0000000080000000,0x00000000828f8df0,0x0000000086800000)
 Metaspace       used 74566K, capacity 77816K, committed 77848K, reserved 1116160K
  class space    used 10151K, capacity 10792K, committed 10800K, reserved 1048576K
GC Heap History (10 events):
Event: 5.739 GC heap before
{Heap before GC invocations=11 (full 2):
 PSYoungGen      total 200704K, used 10311K [0x00000000d5580000, 0x00000000e5c00000, 0x0000000100000000)
  eden space 188416K, 0% used [0x00000000d5580000,0x00000000d5580000,0x00000000e0d80000)
  from space 12288K, 83% used [0x00000000e0d80000,0x00000000e1791ca0,0x00000000e1980000)
  to   space 13312K, 0% used [0x00000000e4f00000,0x00000000e4f00000,0x00000000e5c00000)
 ParOldGen       total 40960K, used 7611K [0x0000000080000000, 0x0000000082800000, 0x00000000d5580000)
  object space 40960K, 18% used [0x0000000080000000,0x000000008076ee58,0x0000000082800000)
 Metaspace       used 34298K, capacity 35418K, committed 35496K, reserved 1079296K
  class space    used 4720K, capacity 5002K, committed 5040K, reserved 1048576K
Event: 5.794 GC heap after
Heap after GC invocations=11 (full 2):
 PSYoungGen      total 200704K, used 0K [0x00000000d5580000, 0x00000000e5c00000, 0x0000000100000000)
  eden space 188416K, 0% used [0x00000000d5580000,0x00000000d5580000,0x00000000e0d80000)
  from space 12288K, 0% used [0x00000000e0d80000,0x00000000e0d80000,0x00000000e1980000)
  to   space 13312K, 0% used [0x00000000e4f00000,0x00000000e4f00000,0x00000000e5c00000)
 ParOldGen       total 63488K, used 16664K [0x0000000080000000, 0x0000000083e00000, 0x00000000d5580000)
  object space 63488K, 26% used [0x0000000080000000,0x0000000081046040,0x0000000083e00000)
 Metaspace       used 34298K, capacity 35418K, committed 35496K, reserved 1079296K
  class space    used 4720K, capacity 5002K, committed 5040K, reserved 1048576K
}
Event: 10.776 GC heap before
{Heap before GC invocations=12 (full 2):
 PSYoungGen      total 200704K, used 188416K [0x00000000d5580000, 0x00000000e5c00000, 0x0000000100000000)
  eden space 188416K, 100% used [0x00000000d5580000,0x00000000e0d80000,0x00000000e0d80000)
  from space 12288K, 0% used [0x00000000e0d80000,0x00000000e0d80000,0x00000000e1980000)
  to   space 13312K, 0% used [0x00000000e4f00000,0x00000000e4f00000,0x00000000e5c00000)
 ParOldGen       total 63488K, used 16664K [0x0000000080000000, 0x0000000083e00000, 0x00000000d5580000)
  object space 63488K, 26% used [0x0000000080000000,0x0000000081046040,0x0000000083e00000)
 Metaspace       used 43980K, capacity 45734K, committed 45992K, reserved 1089536K
  class space    used 5938K, capacity 6283K, committed 6320K, reserved 1048576K
Event: 10.839 GC heap after
Heap after GC invocations=12 (full 2):
 PSYoungGen      total 252928K, used 13284K [0x00000000d5580000, 0x00000000e6980000, 0x0000000100000000)
  eden space 239616K, 0% used [0x00000000d5580000,0x00000000d5580000,0x00000000e3f80000)
  from space 13312K, 99% used [0x00000000e4f00000,0x00000000e5bf91f8,0x00000000e5c00000)
  to   space 15872K, 0% used [0x00000000e3f80000,0x00000000e3f80000,0x00000000e4f00000)
 ParOldGen       total 63488K, used 19048K [0x0000000080000000, 0x0000000083e00000, 0x00000000d5580000)
  object space 63488K, 30% used [0x0000000080000000,0x000000008129a1a8,0x0000000083e00000)
 Metaspace       used 43980K, capacity 45734K, committed 45992K, reserved 1089536K
  class space    used 5938K, capacity 6283K, committed 6320K, reserved 1048576K
}
Event: 14.015 GC heap before
{Heap before GC invocations=13 (full 2):
 PSYoungGen      total 252928K, used 184201K [0x00000000d5580000, 0x00000000e6980000, 0x0000000100000000)
  eden space 239616K, 71% used [0x00000000d5580000,0x00000000dfc69420,0x00000000e3f80000)
  from space 13312K, 99% used [0x00000000e4f00000,0x00000000e5bf91f8,0x00000000e5c00000)
  to   space 15872K, 0% used [0x00000000e3f80000,0x00000000e3f80000,0x00000000e4f00000)
 ParOldGen       total 63488K, used 19048K [0x0000000080000000, 0x0000000083e00000, 0x00000000d5580000)
  object space 63488K, 30% used [0x0000000080000000,0x000000008129a1a8,0x0000000083e00000)
 Metaspace       used 56891K, capacity 59070K, committed 59160K, reserved 1099776K
  class space    used 7706K, capacity 8174K, committed 8240K, reserved 1048576K
Event: 14.043 GC heap after
Heap after GC invocations=13 (full 2):
 PSYoungGen      total 255488K, used 15841K [0x00000000d5580000, 0x00000000eb480000, 0x0000000100000000)
  eden space 239616K, 0% used [0x00000000d5580000,0x00000000d5580000,0x00000000e3f80000)
  from space 15872K, 99% used [0x00000000e3f80000,0x00000000e4ef8478,0x00000000e4f00000)
  to   space 23040K, 0% used [0x00000000e9e00000,0x00000000e9e00000,0x00000000eb480000)
 ParOldGen       total 63488K, used 31952K [0x0000000080000000, 0x0000000083e00000, 0x00000000d5580000)
  object space 63488K, 50% used [0x0000000080000000,0x0000000081f341c8,0x0000000083e00000)
 Metaspace       used 56891K, capacity 59070K, committed 59160K, reserved 1099776K
  class space    used 7706K, capacity 8174K, committed 8240K, reserved 1048576K
}
Event: 14.043 GC heap before
{Heap before GC invocations=14 (full 3):
 PSYoungGen      total 255488K, used 15841K [0x00000000d5580000, 0x00000000eb480000, 0x0000000100000000)
  eden space 239616K, 0% used [0x00000000d5580000,0x00000000d5580000,0x00000000e3f80000)
  from space 15872K, 99% used [0x00000000e3f80000,0x00000000e4ef8478,0x00000000e4f00000)
  to   space 23040K, 0% used [0x00000000e9e00000,0x00000000e9e00000,0x00000000eb480000)
 ParOldGen       total 63488K, used 31952K [0x0000000080000000, 0x0000000083e00000, 0x00000000d5580000)
  object space 63488K, 50% used [0x0000000080000000,0x0000000081f341c8,0x0000000083e00000)
 Metaspace       used 56891K, capacity 59070K, committed 59160K, reserved 1099776K
  class space    used 7706K, capacity 8174K, committed 8240K, reserved 1048576K
Event: 14.263 GC heap after
Heap after GC invocations=14 (full 3):
 PSYoungGen      total 255488K, used 0K [0x00000000d5580000, 0x00000000eb480000, 0x0000000100000000)
  eden space 239616K, 0% used [0x00000000d5580000,0x00000000d5580000,0x00000000e3f80000)
  from space 15872K, 0% used [0x00000000e3f80000,0x00000000e3f80000,0x00000000e4f00000)
  to   space 23040K, 0% used [0x00000000e9e00000,0x00000000e9e00000,0x00000000eb480000)
 ParOldGen       total 106496K, used 41018K [0x0000000080000000, 0x0000000086800000, 0x00000000d5580000)
  object space 106496K, 38% used [0x0000000080000000,0x000000008280eaa0,0x0000000086800000)
 Metaspace       used 56875K, capacity 59016K, committed 59160K, reserved 1099776K
  class space    used 7702K, capacity 8165K, committed 8240K, reserved 1048576K
}
Event: 18.390 GC heap before
{Heap before GC invocations=15 (full 3):
 PSYoungGen      total 255488K, used 239616K [0x00000000d5580000, 0x00000000eb480000, 0x0000000100000000)
  eden space 239616K, 100% used [0x00000000d5580000,0x00000000e3f80000,0x00000000e3f80000)
  from space 15872K, 0% used [0x00000000e3f80000,0x00000000e3f80000,0x00000000e4f00000)
  to   space 23040K, 0% used [0x00000000e9e00000,0x00000000e9e00000,0x00000000eb480000)
 ParOldGen       total 106496K, used 41018K [0x0000000080000000, 0x0000000086800000, 0x00000000d5580000)
  object space 106496K, 38% used [0x0000000080000000,0x000000008280eaa0,0x0000000086800000)
 Metaspace       used 67469K, capacity 70526K, committed 70808K, reserved 1110016K
  class space    used 9202K, capacity 9786K, committed 9904K, reserved 1048576K
Event: 18.481 GC heap after
Heap after GC invocations=15 (full 3):
 PSYoungGen      total 331776K, used 23038K [0x00000000d5580000, 0x00000000eb800000, 0x0000000100000000)
  eden space 308736K, 0% used [0x00000000d5580000,0x00000000d5580000,0x00000000e8300000)
  from space 23040K, 99% used [0x00000000e9e00000,0x00000000eb47f858,0x00000000eb480000)
  to   space 27136K, 0% used [0x00000000e8300000,0x00000000e8300000,0x00000000e9d80000)
 ParOldGen       total 106496K, used 41955K [0x0000000080000000, 0x0000000086800000, 0x00000000d5580000)
  object space 106496K, 39% used [0x0000000080000000,0x00000000828f8df0,0x0000000086800000)
 Metaspace       used 67469K, capacity 70526K, committed 70808K, reserved 1110016K
  class space    used 9202K, capacity 9786K, committed 9904K, reserved 1048576K
}

